# JRE version: Java(TM) SE Runtime Environment (8.0_31-b13) (build 1.8.0_31-b13)
# Java VM: Java HotSpot(TM) 64-Bit Server VM (25.31-b07 mixed mode windows-amd64 compressed oops)
Heap:
 PSYoungGen      total 243200K, used 103401K [0x00000000eab00000, 0x00000000fb780000, 0x0000000100000000)
  eden space 215040K, 34% used [0x00000000eab00000,0x00000000ef47ec60,0x00000000f7d00000)
  from space 28160K, 99% used [0x00000000f7d00000,0x00000000f987bb80,0x00000000f9880000)
  to   space 25088K, 0% used [0x00000000f9880000,0x00000000f9880000,0x00000000fb100000)
 ParOldGen       total 137216K, used 86033K [0x00000000c0000000, 0x00000000c8600000, 0x00000000eab00000)
  object space 137216K, 62% used [0x00000000c0000000,0x00000000c5404418,0x00000000c8600000)
 Metaspace       used 90339K, capacity 94138K, committed 94336K, reserved 1130496K
  class space    used 11607K, capacity 13098K, committed 13184K, reserved 1048576K
GC Heap History (10 events):
Event: 80.932 GC heap before
{Heap before GC invocations=17 (full 3):
 PSYoungGen      total 174592K, used 174580K [0x00000000eab00000, 0x00000000f8a80000, 0x0000000100000000)
  eden space 156160K, 100% used [0x00000000eab00000,0x00000000f4380000,0x00000000f4380000)
  from space 18432K, 99% used [0x00000000f4380000,0x00000000f557d3e0,0x00000000f5580000)
  to   space 20992K, 0% used [0x00000000f7600000,0x00000000f7600000,0x00000000f8a80000)
 ParOldGen       total 70144K, used 42116K [0x00000000c0000000, 0x00000000c4480000, 0x00000000eab00000)
  object space 70144K, 60% used [0x00000000c0000000,0x00000000c29212b0,0x00000000c4480000)
 Metaspace       used 59051K, capacity 61202K, committed 61440K, reserved 1101824K
  class space    used 8018K, capacity 8899K, committed 8960K, reserved 1048576K
Event: 81.045 GC heap after
Heap after GC invocations=17 (full 3):
 PSYoungGen      total 202752K, used 20989K [0x00000000eab00000, 0x00000000f9a00000, 0x0000000100000000)
  eden space 181760K, 0% used [0x00000000eab00000,0x00000000eab00000,0x00000000f5c80000)
  from space 20992K, 99% used [0x00000000f7600000,0x00000000f8a7f740,0x00000000f8a80000)
  to   space 26112K, 0% used [0x00000000f5c80000,0x00000000f5c80000,0x00000000f7600000)
 ParOldGen       total 70144K, used 47908K [0x00000000c0000000, 0x00000000c4480000, 0x00000000eab00000)
  object space 70144K, 68% used [0x00000000c0000000,0x00000000c2ec91c8,0x00000000c4480000)
 Metaspace       used 59051K, capacity 61202K, committed 61440K, reserved 1101824K
  class space    used 8018K, capacity 8899K, committed 8960K, reserved 1048576K
}
Event: 125.423 GC heap before
{Heap before GC invocations=18 (full 3):
 PSYoungGen      total 202752K, used 202749K [0x00000000eab00000, 0x00000000f9a00000, 0x0000000100000000)
  eden space 181760K, 100% used [0x00000000eab00000,0x00000000f5c80000,0x00000000f5c80000)
  from space 20992K, 99% used [0x00000000f7600000,0x00000000f8a7f740,0x00000000f8a80000)
  to   space 26112K, 0% used [0x00000000f5c80000,0x00000000f5c80000,0x00000000f7600000)
 ParOldGen       total 70144K, used 47908K [0x00000000c0000000, 0x00000000c4480000, 0x00000000eab00000)
  object space 70144K, 68% used [0x00000000c0000000,0x00000000c2ec91c8,0x00000000c4480000)
 Metaspace       used 66601K, capacity 69114K, committed 69248K, reserved 1110016K
  class space    used 8579K, capacity 9596K, committed 9600K, reserved 1048576K
Event: 125.549 GC heap after
Heap after GC invocations=18 (full 3):
 PSYoungGen      total 207872K, used 13055K [0x00000000eab00000, 0x00000000fb100000, 0x0000000100000000)
  eden space 181760K, 0% used [0x00000000eab00000,0x00000000eab00000,0x00000000f5c80000)
  from space 26112K, 49% used [0x00000000f5c80000,0x00000000f693fd78,0x00000000f7600000)
  to   space 25088K, 0% used [0x00000000f9880000,0x00000000f9880000,0x00000000fb100000)
 ParOldGen       total 70144K, used 65786K [0x00000000c0000000, 0x00000000c4480000, 0x00000000eab00000)
  object space 70144K, 93% used [0x00000000c0000000,0x00000000c403ebe8,0x00000000c4480000)
 Metaspace       used 66601K, capacity 69114K, committed 69248K, reserved 1110016K
  class space    used 8579K, capacity 9596K, committed 9600K, reserved 1048576K
}
Event: 125.549 GC heap before
{Heap before GC invocations=19 (full 4):
 PSYoungGen      total 207872K, used 13055K [0x00000000eab00000, 0x00000000fb100000, 0x0000000100000000)
  eden space 181760K, 0% used [0x00000000eab00000,0x00000000eab00000,0x00000000f5c80000)
  from space 26112K, 49% used [0x00000000f5c80000,0x00000000f693fd78,0x00000000f7600000)
  to   space 25088K, 0% used [0x00000000f9880000,0x00000000f9880000,0x00000000fb100000)
 ParOldGen       total 70144K, used 65786K [0x00000000c0000000, 0x00000000c4480000, 0x00000000eab00000)
  object space 70144K, 93% used [0x00000000c0000000,0x00000000c403ebe8,0x00000000c4480000)
 Metaspace       used 66601K, capacity 69114K, committed 69248K, reserved 1110016K
  class space    used 8579K, capacity 9596K, committed 9600K, reserved 1048576K
Event: 126.291 GC heap after
Heap after GC invocations=19 (full 4):
 PSYoungGen      total 207872K, used 1659K [0x00000000eab00000, 0x00000000fb100000, 0x0000000100000000)
  eden space 181760K, 0% used [0x00000000eab00000,0x00000000eab00000,0x00000000f5c80000)
  from space 26112K, 6% used [0x00000000f5c80000,0x00000000f5e1ef98,0x00000000f7600000)
  to   space 25088K, 0% used [0x00000000f9880000,0x00000000f9880000,0x00000000fb100000)
 ParOldGen       total 137216K, used 69697K [0x00000000c0000000, 0x00000000c8600000, 0x00000000eab00000)
  object space 137216K, 50% used [0x00000000c0000000,0x00000000c4410570,0x00000000c8600000)
 Metaspace       used 66601K, capacity 69114K, committed 69248K, reserved 1110016K
  class space    used 8579K, capacity 9596K, committed 9600K, reserved 1048576K
}
Event: 214.628 GC heap before
{Heap before GC invocations=20 (full 4):
 PSYoungGen      total 207872K, used 183419K [0x00000000eab00000, 0x00000000fb100000, 0x0000000100000000)
  eden space 181760K, 100% used [0x00000000eab00000,0x00000000f5c80000,0x00000000f5c80000)
  from space 26112K, 6% used [0x00000000f5c80000,0x00000000f5e1ef98,0x00000000f7600000)
  to   space 25088K, 0% used [0x00000000f9880000,0x00000000f9880000,0x00000000fb100000)
 ParOldGen       total 137216K, used 69697K [0x00000000c0000000, 0x00000000c8600000, 0x00000000eab00000)
  object space 137216K, 50% used [0x00000000c0000000,0x00000000c4410570,0x00000000c8600000)
 Metaspace       used 74421K, capacity 77432K, committed 77568K, reserved 1116160K
  class space    used 9702K, capacity 10895K, committed 11008K, reserved 1048576K
Event: 214.689 GC heap after
Heap after GC invocations=20 (full 4):
 PSYoungGen      total 240128K, used 23609K [0x00000000eab00000, 0x00000000fb780000, 0x0000000100000000)
  eden space 215040K, 0% used [0x00000000eab00000,0x00000000eab00000,0x00000000f7d00000)
  from space 25088K, 94% used [0x00000000f9880000,0x00000000faf8e770,0x00000000fb100000)
  to   space 28160K, 0% used [0x00000000f7d00000,0x00000000f7d00000,0x00000000f9880000)
 ParOldGen       total 137216K, used 69705K [0x00000000c0000000, 0x00000000c8600000, 0x00000000eab00000)
  object space 137216K, 50% used [0x00000000c0000000,0x00000000c4412570,0x00000000c8600000)
 Metaspace       used 74421K, capacity 77432K, committed 77568K, reserved 1116160K
  class space    used 9702K, capacity 10895K, committed 11008K, reserved 1048576K
}
Event: 217.716 GC heap before
{Heap before GC invocations=21 (full 4):
 PSYoungGen      total 240128K, used 238649K [0x00000000eab00000, 0x00000000fb780000, 0x0000000100000000)
  eden space 215040K, 100% used [0x00000000eab00000,0x00000000f7d00000,0x00000000f7d00000)
  from space 25088K, 94% used [0x00000000f9880000,0x00000000faf8e770,0x00000000fb100000)
  to   space 28160K, 0% used [0x00000000f7d00000,0x00000000f7d00000,0x00000000f9880000)
 ParOldGen       total 137216K, used 69705K [0x00000000c0000000, 0x00000000c8600000, 0x00000000eab00000)
  object space 137216K, 50% used [0x00000000c0000000,0x00000000c4412570,0x00000000c8600000)
 Metaspace       used 84060K, capacity 87708K, committed 87808K, reserved 1124352K
  class space    used 11081K, capacity 12533K, committed 12544K, reserved 1048576K
Event: 218.083 GC heap after
Heap after GC invocations=21 (full 4):
 PSYoungGen      total 243200K, used 28142K [0x00000000eab00000, 0x00000000fb780000, 0x0000000100000000)
  eden space 215040K, 0% used [0x00000000eab00000,0x00000000eab00000,0x00000000f7d00000)
  from space 28160K, 99% used [0x00000000f7d00000,0x00000000f987bb80,0x00000000f9880000)
  to   space 25088K, 0% used [0x00000000f9880000,0x00000000f9880000,0x00000000fb100000)
 ParOldGen       total 137216K, used 86033K [0x00000000c0000000, 0x00000000c8600000, 0x00000000eab00000)
  object space 137216K, 62% used [0x00000000c0000000,0x00000000c5404418,0x00000000c8600000)
 Metaspace       used 84060K, capacity 87708K, committed 87808K, reserved 1124352K
  class space    used 11081K, capacity 12533K, committed 12544K, reserved 1048576K
}

